<?xml version="1.0" encoding="UTF-8"?>
<testng-results skipped="0" failed="0" ignored="0" total="1" passed="1">
  <reporter-output>
  </reporter-output>
  <suite name="Default suite" duration-ms="3541" started-at="2019-12-21T19:01:56 IST" finished-at="2019-12-21T19:02:00 IST">
    <groups>
    </groups>
    <test name="Default test" duration-ms="3541" started-at="2019-12-21T19:01:56 IST" finished-at="2019-12-21T19:02:00 IST">
      <class name="restAssured_Sheetal.Video12_HandlingSSL_TLS">
        <test-method status="PASS" signature="setUp()[pri:0, instance:restAssured_Sheetal.Video12_HandlingSSL_TLS@22a67b4]" name="setUp" is-config="true" duration-ms="8" started-at="2019-12-21T19:01:56 IST" finished-at="2019-12-21T19:01:56 IST">
          <reporter-output>
          </reporter-output>
        </test-method> <!-- setUp -->
        <test-method status="PASS" signature="test2()[pri:0, instance:restAssured_Sheetal.Video12_HandlingSSL_TLS@22a67b4]" name="test2" duration-ms="3503" started-at="2019-12-21T19:01:56 IST" finished-at="2019-12-21T19:02:00 IST">
          <reporter-output>
          </reporter-output>
        </test-method> <!-- test2 -->
      </class> <!-- restAssured_Sheetal.Video12_HandlingSSL_TLS -->
    </test> <!-- Default test -->
  </suite> <!-- Default suite -->
</testng-results>
