<?xml version="1.0" encoding="UTF-8"?>
<testng-results skipped="0" failed="0" ignored="0" total="1" passed="1">
  <reporter-output>
  </reporter-output>
  <suite name="Default suite" duration-ms="1672" started-at="2019-12-22T10:01:26 IST" finished-at="2019-12-22T10:01:28 IST">
    <groups>
    </groups>
    <test name="Default test" duration-ms="1672" started-at="2019-12-22T10:01:26 IST" finished-at="2019-12-22T10:01:28 IST">
      <class name="restAssured_Sheetal.Video15_BasicAndDigestiveAuthentications">
        <test-method status="PASS" signature="testBasicAuthentication()[pri:0, instance:restAssured_Sheetal.Video15_BasicAndDigestiveAuthentications@cd2dae5]" name="testBasicAuthentication" duration-ms="1587" started-at="2019-12-22T10:01:26 IST" finished-at="2019-12-22T10:01:28 IST">
          <reporter-output>
          </reporter-output>
        </test-method> <!-- testBasicAuthentication -->
      </class> <!-- restAssured_Sheetal.Video15_BasicAndDigestiveAuthentications -->
    </test> <!-- Default test -->
  </suite> <!-- Default suite -->
</testng-results>
